# Домашнее задание к занятию 12.5. «Индексы»

### Инструкция по выполнению домашнего задания

1. Сделайте fork [репозитория c шаблоном решения](https://github.com/netology-code/sys-pattern-homework) к себе в Github и переименуйте его по названию или номеру занятия, например, https://github.com/имя-вашего-репозитория/gitlab-hw или https://github.com/имя-вашего-репозитория/8-03-hw).
2. Выполните клонирование этого репозитория к себе на ПК с помощью команды `git clone`.
3. Выполните домашнее задание и заполните у себя локально этот файл README.md:
   - впишите вверху название занятия и ваши фамилию и имя;
   - в каждом задании добавьте решение в требуемом виде: текст/код/скриншоты/ссылка;
   - для корректного добавления скриншотов воспользуйтесь инструкцией [«Как вставить скриншот в шаблон с решением»](https://github.com/netology-code/sys-pattern-homework/blob/main/screen-instruction.md);
   - при оформлении используйте возможности языка разметки md. Коротко об этом можно посмотреть в [инструкции по MarkDown](https://github.com/netology-code/sys-pattern-homework/blob/main/md-instruction.md).
4. После завершения работы над домашним заданием сделайте коммит (`git commit -m "comment"`) и отправьте его на Github (`git push origin`).
5. Для проверки домашнего задания преподавателем в личном кабинете прикрепите и отправьте ссылку на решение в виде md-файла в вашем Github.
6. Любые вопросы задавайте в чате учебной группы и/или в разделе «Вопросы по заданию» в личном кабинете.

Желаем успехов в выполнении домашнего задания.

### Задание 1

Напишите запрос к учебной базе данных, который вернёт процентное отношение общего размера всех индексов к общему размеру всех таблиц.

```sql
SELECT table_name, data_length, index_length
FROM INFORMATION_SCHEMA.TABLES -- вывести информацию обо всех таблицах в рамках БД


SELECT table_name, data_length, index_length
FROM INFORMATION_SCHEMA.TABLES
where table_type = 'BASE TABLE' and table_schema = 'sakila' -- вывести таблицы только БД sakila

SELECT distinct (sum(index_length) over () / sum(data_length) over () * 100) as percent_all
FROM INFORMATION_SCHEMA.TABLES -- вывести только процентное соотношение общего размера всех индексов к общему размеру всех таблиц

SELECT distinct (sum(index_length) over () / sum(data_length) over () * 100) as percent_all
FROM INFORMATION_SCHEMA.TABLES
where table_type = 'BASE TABLE' and table_schema = 'sakila' -- вывести только процентное 
-- соотношение общего размера всех индексов к общему размеру всех таблиц в БД sakila 

```

### Задание 2

Выполните explain analyze следующего запроса:
```sql
select distinct concat(c.last_name, ' ', c.first_name), sum(p.amount) over (partition by c.customer_id, f.title)
from payment p, rental r, customer c, inventory i, film f
where date(p.payment_date) = '2005-07-30' and p.payment_date = r.rental_date and r.customer_id = c.customer_id and i.inventory_id = r.inventory_id
```
- перечислите узкие места;
- оптимизируйте запрос: внесите корректировки по использованию операторов, при необходимости добавьте индексы.
```sql 
explain analyze
select distinct concat(c.last_name, ' ', c.first_name), sum(p.amount) over (partition by c.customer_id, f.title)
from payment p, rental r, customer c, inventory i, film f
where date(p.payment_date) = '2005-07-30' and p.payment_date = r.rental_date and r.customer_id = c.customer_id and i.inventory_id = r.inventory_id

-> Table scan on <temporary>  (cost=2.50..2.50 rows=0) (actual time=7668.709..7668.753 rows=391 loops=1)
    -> Temporary table with deduplication  (cost=0.00..0.00 rows=0) (actual time=7668.706..7668.706 rows=391 loops=1)
        -> Window aggregate with buffering: sum(payment.amount) OVER (PARTITION BY c.customer_id,f.title )   (actual time=3538.013..7402.202 rows=642000 loops=1)
            -> Sort: c.customer_id, f.title  (actual time=3537.976..3648.338 rows=642000 loops=1)
                -> Stream results  (cost=10345806.38 rows=16009975) (actual time=2.539..2714.691 rows=642000 loops=1)
                    -> Nested loop inner join  (cost=10345806.38 rows=16009975) (actual time=2.524..2262.546 rows=642000 loops=1)
                        -> Nested loop inner join  (cost=8740806.37 rows=16009975) (actual time=2.309..2004.931 rows=642000 loops=1)
                            -> Nested loop inner join  (cost=7135806.35 rows=16009975) (actual time=2.186..1737.070 rows=642000 loops=1)
                                -> Inner hash join (no condition)  (cost=1581474.80 rows=15813000) (actual time=1.849..93.524 rows=634000 loops=1)
                                    -> Filter: (cast(p.payment_date as date) = '2005-07-30')  (cost=1.65 rows=15813) (actual time=0.273..14.358 rows=634 loops=1)
                                        -> Table scan on p  (cost=1.65 rows=15813) (actual time=0.259..11.213 rows=16044 loops=1)
                                    -> Hash
                                        -> Covering index scan on f using idx_title  (cost=103.00 rows=1000) (actual time=0.317..1.142 rows=1000 loops=1)
                                -> Covering index lookup on r using rental_date (rental_date=p.payment_date)  (cost=0.25 rows=1) (actual time=0.002..0.002 rows=1 loops=634000)
                            -> Single-row index lookup on c using PRIMARY (customer_id=r.customer_id)  (cost=0.00 rows=1) (actual time=0.000..0.000 rows=1 loops=642000)
                        -> Single-row covering index lookup on i using PRIMARY (inventory_id=r.inventory_id)  (cost=0.00 rows=1) (actual time=0.000..0.000 rows=1 loops=642000)
                        
 /* Самая большая нагрузка идет в момент выполнения оконной функции и inner join, от них и будем избавляться */                      

-- Запрос после оптимизации
explain analyze 
select concat(c.last_name, ' ', c.first_name) as fio, sum(p.amount)
from payment p
left join customer c on p.customer_id = c.customer_id 
where date(p.payment_date) = '2005-07-30'
group by 1;

-> Table scan on <temporary>  (actual time=17.235..17.276 rows=391 loops=1)
    -> Aggregate using temporary table  (actual time=17.233..17.233 rows=391 loops=1)
        -> Nested loop left join  (cost=7140.10 rows=15813) (actual time=0.111..15.607 rows=634 loops=1)
            -> Filter: (cast(p.payment_date as date) = '2005-07-30')  (cost=1605.55 rows=15813) (actual time=0.096..13.977 rows=634 loops=1)
                -> Table scan on p  (cost=1605.55 rows=15813) (actual time=0.073..10.369 rows=16044 loops=1)
            -> Single-row index lookup on c using PRIMARY (customer_id=p.customer_id)  (cost=0.25 rows=1) (actual time=0.002..0.002 rows=1 loops=634)

-- основная нагрузка на left join и на выборку данных по payment_date
            
-- добавляю индексы на атрибут payment_date отношения payment и на атрибут customer_id отношения customer
create index cust_id on customer (customer_id);

create index pay_date on payment (payment_date);

ALTER TABLE customer DROP INDEX cust_id; -- для удаления
ALTER TABLE payment DROP INDEX pay_date; -- для удаления

-- после того как добавила индексы, изменения несущественны.
-> Table scan on <temporary>  (actual time=9.774..9.818 rows=391 loops=1)
    -> Aggregate using temporary table  (actual time=9.773..9.773 rows=391 loops=1)
        -> Nested loop left join  (cost=7140.10 rows=15813) (actual time=0.091..8.904 rows=634 loops=1)
            -> Filter: (cast(p.payment_date as date) = '2005-07-30')  (cost=1605.55 rows=15813) (actual time=0.078..8.058 rows=634 loops=1)
                -> Table scan on p  (cost=1605.55 rows=15813) (actual time=0.064..6.326 rows=16044 loops=1)
            -> Single-row index lookup on c using PRIMARY (customer_id=p.customer_id)  (cost=0.25 rows=1) (actual time=0.001..0.001 rows=1 loops=634)

-- через несколько секунд
-> Table scan on <temporary>  (actual time=16.743..16.837 rows=391 loops=1)
    -> Aggregate using temporary table  (actual time=16.741..16.741 rows=391 loops=1)
        -> Nested loop left join  (cost=7140.10 rows=15813) (actual time=0.083..15.221 rows=634 loops=1)
            -> Filter: (cast(p.payment_date as date) = '2005-07-30')  (cost=1605.55 rows=15813) (actual time=0.070..13.781 rows=634 loops=1)
                -> Table scan on p  (cost=1605.55 rows=15813) (actual time=0.055..10.213 rows=16044 loops=1)
            -> Single-row index lookup on c using PRIMARY (customer_id=p.customer_id)  (cost=0.25 rows=1) (actual time=0.002..0.002 rows=1 loops=634)

```
## Доработка

![alt text](https://raw.githubusercontent.com/AgavaJul/Relational_DB_3/main/Доработка.png)

## Дополнительные задания (со звёздочкой*)
Эти задания дополнительные, то есть не обязательные к выполнению, и никак не повлияют на получение вами зачёта по этому домашнему заданию. Вы можете их выполнить, если хотите глубже шире разобраться в материале.

### Задание 3*

Самостоятельно изучите, какие типы индексов используются в PostgreSQL. Перечислите те индексы, которые используются в PostgreSQL, а в MySQL — нет.

*Приведите ответ в свободной форме.*
